e:\file_user\ctdlproject\cau truc du lieu\x64\debug\vc143.pdb
e:\file_user\ctdlproject\cau truc du lieu\x64\debug\vc143.idb
e:\file_user\ctdlproject\cau truc du lieu\x64\debug\main.obj
e:\file_user\ctdlproject\cau truc du lieu\x64\debug\filename.obj
e:\file_user\ctdlproject\cau truc du lieu\x64\debug\cau truc du lieu.ilk
e:\file_user\ctdlproject\x64\debug\cau truc du lieu.pdb
e:\file_user\ctdlproject\cau truc du lieu\x64\debug\cau truc du lieu.tlog\cl.command.1.tlog
e:\file_user\ctdlproject\cau truc du lieu\x64\debug\cau truc du lieu.tlog\cl.items.tlog
e:\file_user\ctdlproject\cau truc du lieu\x64\debug\cau truc du lieu.tlog\cl.read.1.tlog
e:\file_user\ctdlproject\cau truc du lieu\x64\debug\cau truc du lieu.tlog\cl.write.1.tlog
e:\file_user\ctdlproject\cau truc du lieu\x64\debug\cau truc du lieu.tlog\link.16628-cvtres.read.1.tlog
e:\file_user\ctdlproject\cau truc du lieu\x64\debug\cau truc du lieu.tlog\link.16628-cvtres.write.1.tlog
e:\file_user\ctdlproject\cau truc du lieu\x64\debug\cau truc du lieu.tlog\link.16628-rc.read.1.tlog
e:\file_user\ctdlproject\cau truc du lieu\x64\debug\cau truc du lieu.tlog\link.16628-rc.write.1.tlog
e:\file_user\ctdlproject\cau truc du lieu\x64\debug\cau truc du lieu.tlog\link.16628.read.1.tlog
e:\file_user\ctdlproject\cau truc du lieu\x64\debug\cau truc du lieu.tlog\link.16628.read.2.tlog
e:\file_user\ctdlproject\cau truc du lieu\x64\debug\cau truc du lieu.tlog\link.16628.read.3.tlog
e:\file_user\ctdlproject\cau truc du lieu\x64\debug\cau truc du lieu.tlog\link.16628.read.4.tlog
e:\file_user\ctdlproject\cau truc du lieu\x64\debug\cau truc du lieu.tlog\link.16628.write.1.tlog
e:\file_user\ctdlproject\cau truc du lieu\x64\debug\cau truc du lieu.tlog\link.command.1.tlog
e:\file_user\ctdlproject\cau truc du lieu\x64\debug\cau truc du lieu.tlog\link.read.1.tlog
e:\file_user\ctdlproject\cau truc du lieu\x64\debug\cau truc du lieu.tlog\link.secondary.1.tlog
e:\file_user\ctdlproject\cau truc du lieu\x64\debug\cau truc du lieu.tlog\link.write.1.tlog
